0 info it worked if it ends with ok
1 verbose cli [ 'node', '/usr/local/bin/npm', 'i', 'howlerjs', '--save' ]
2 info using npm@1.4.28
3 info using node@v0.10.33
4 warn package.json mojs-demo-1@0.0.0 Normalized value of bugs field is an empty object. Deleted.
5 warn package.json mojs-demo-1@0.0.0 No README data
6 verbose readDependencies using package.json deps
7 verbose cache add [ 'howlerjs', null ]
8 verbose cache add name=undefined spec="howlerjs" args=["howlerjs",null]
9 verbose parsed url { protocol: null,
9 verbose parsed url   slashes: null,
9 verbose parsed url   auth: null,
9 verbose parsed url   host: null,
9 verbose parsed url   port: null,
9 verbose parsed url   hostname: null,
9 verbose parsed url   hash: null,
9 verbose parsed url   search: null,
9 verbose parsed url   query: null,
9 verbose parsed url   pathname: 'howlerjs',
9 verbose parsed url   path: 'howlerjs',
9 verbose parsed url   href: 'howlerjs' }
10 silly lockFile f6f58c2e-howlerjs howlerjs
11 verbose lock howlerjs /Users/mac/.npm/f6f58c2e-howlerjs.lock
12 silly lockFile f6f58c2e-howlerjs howlerjs
13 silly lockFile f6f58c2e-howlerjs howlerjs
14 verbose addNamed [ 'howlerjs', '' ]
15 verbose addNamed [ null, '*' ]
16 silly lockFile b05c1db4-howlerjs howlerjs@
17 verbose lock howlerjs@ /Users/mac/.npm/b05c1db4-howlerjs.lock
18 silly addNameRange { name: 'howlerjs', range: '*', hasData: false }
19 verbose request where is /howlerjs
20 verbose request registry https://registry.npmjs.org/
21 verbose request id 5cb9992b99d45416
22 verbose url raw /howlerjs
23 verbose url resolving [ 'https://registry.npmjs.org/', './howlerjs' ]
24 verbose url resolved https://registry.npmjs.org/howlerjs
25 verbose request where is https://registry.npmjs.org/howlerjs
26 info trying registry request attempt 1 at 12:03:11
27 http GET https://registry.npmjs.org/howlerjs
28 http 404 https://registry.npmjs.org/howlerjs
29 verbose headers { server: 'CouchDB/1.5.0 (Erlang OTP/R16B03)',
29 verbose headers   'content-type': 'application/json',
29 verbose headers   'cache-control': 'max-age=0',
29 verbose headers   'content-length': '51',
29 verbose headers   'accept-ranges': 'bytes',
29 verbose headers   date: 'Tue, 16 Jun 2015 09:03:12 GMT',
29 verbose headers   via: '1.1 varnish',
29 verbose headers   age: '0',
29 verbose headers   connection: 'keep-alive',
29 verbose headers   'x-served-by': 'cache-fra1233-FRA',
29 verbose headers   'x-cache': 'MISS',
29 verbose headers   'x-cache-hits': '0',
29 verbose headers   'x-timer': 'S1434445392.475339,VS0,VE187' }
30 silly registry.get cb [ 404,
30 silly registry.get   { server: 'CouchDB/1.5.0 (Erlang OTP/R16B03)',
30 silly registry.get     'content-type': 'application/json',
30 silly registry.get     'cache-control': 'max-age=0',
30 silly registry.get     'content-length': '51',
30 silly registry.get     'accept-ranges': 'bytes',
30 silly registry.get     date: 'Tue, 16 Jun 2015 09:03:12 GMT',
30 silly registry.get     via: '1.1 varnish',
30 silly registry.get     age: '0',
30 silly registry.get     connection: 'keep-alive',
30 silly registry.get     'x-served-by': 'cache-fra1233-FRA',
30 silly registry.get     'x-cache': 'MISS',
30 silly registry.get     'x-cache-hits': '0',
30 silly registry.get     'x-timer': 'S1434445392.475339,VS0,VE187' } ]
31 silly lockFile b05c1db4-howlerjs howlerjs@
32 silly lockFile b05c1db4-howlerjs howlerjs@
33 error 404 404 Not Found: howlerjs
33 error 404
33 error 404 'howlerjs' is not in the npm registry.
33 error 404 You should bug the author to publish it
33 error 404 It was specified as a dependency of 'mojs-demo-1'
33 error 404
33 error 404 Note that you can also install from a
33 error 404 tarball, folder, or http url, or git url.
34 error System Darwin 14.1.0
35 error command "node" "/usr/local/bin/npm" "i" "howlerjs" "--save"
36 error cwd /Applications/MAMP/htdocs/property-curves
37 error node -v v0.10.33
38 error npm -v 1.4.28
39 error code E404
40 verbose exit [ 1, true ]
